This is pdfTeX, Version 3.14159265-2.6-1.40.15 (TeX Live 2014) (preloaded format=pdflatex 2015.3.24)  15 JUN 2015 09:33
entering extended mode
 restricted \write18 enabled.
 %&-line parsing enabled.
**main.scss.tex
(./main.scss.tex
LaTeX2e <2014/05/01>
Babel <3.9k> and hyphenation patterns for 78 languages loaded.

! LaTeX Error: Missing \begin{document}.

See the LaTeX manual or LaTeX Companion for explanation.
Type  H <return>  for immediate help.
 ...                                              
                                                  
l.1 \noindent
             
You're in trouble here.  Try typing  <return>  to proceed.
If that doesn't work, type  X <return>  to quit.

! Undefined control sequence.
l.3 \hlstd
          {}\hllin{\ \ \ 1\ }\hlkwc{@import\ }\hlstd{}\hlstr{\dq{}../\textun...
The control sequence at the end of the top line
of your error message was never \def'ed. If you have
misspelled it (e.g., `\hobx'), type `I' and the correct
spelling (e.g., `I\hbox'). Otherwise just continue,
and I'll forget about whatever was undefined.

! Undefined control sequence.
l.3 \hlstd{}\hllin
                  {\ \ \ 1\ }\hlkwc{@import\ }\hlstd{}\hlstr{\dq{}../\textun...
The control sequence at the end of the top line
of your error message was never \def'ed. If you have
misspelled it (e.g., `\hobx'), type `I' and the correct
spelling (e.g., `I\hbox'). Otherwise just continue,
and I'll forget about whatever was undefined.

! Undefined control sequence.
l.3 \hlstd{}\hllin{\ \ \ 1\ }\hlkwc
                                   {@import\ }\hlstd{}\hlstr{\dq{}../\textun...
The control sequence at the end of the top line
of your error message was never \def'ed. If you have
misspelled it (e.g., `\hobx'), type `I' and the correct
spelling (e.g., `I\hbox'). Otherwise just continue,
and I'll forget about whatever was undefined.

! Undefined control sequence.
l.3 ...d{}\hllin{\ \ \ 1\ }\hlkwc{@import\ }\hlstd
                                                  {}\hlstr{\dq{}../\textunde...
The control sequence at the end of the top line
of your error message was never \def'ed. If you have
misspelled it (e.g., `\hobx'), type `I' and the correct
spelling (e.g., `I\hbox'). Otherwise just continue,
and I'll forget about whatever was undefined.

! Undefined control sequence.
l.3 ...n{\ \ \ 1\ }\hlkwc{@import\ }\hlstd{}\hlstr
                                                  {\dq{}../\textunderscore b...
The control sequence at the end of the top line
of your error message was never \def'ed. If you have
misspelled it (e.g., `\hobx'), type `I' and the correct
spelling (e.g., `I\hbox'). Otherwise just continue,
and I'll forget about whatever was undefined.

! Undefined control sequence.
l.3 ...\ \ 1\ }\hlkwc{@import\ }\hlstd{}\hlstr{\dq
                                                  {}../\textunderscore bourb...
The control sequence at the end of the top line
of your error message was never \def'ed. If you have
misspelled it (e.g., `\hobx'), type `I' and the correct
spelling (e.g., `I\hbox'). Otherwise just continue,
and I'll forget about whatever was undefined.

! Undefined control sequence.
l.3 ...}../\textunderscore bourbon/bourbon.scss\dq
                                                  {}}\hlstd{}\hlopt{;}\\
The control sequence at the end of the top line
of your error message was never \def'ed. If you have
misspelled it (e.g., `\hobx'), type `I' and the correct
spelling (e.g., `I\hbox'). Otherwise just continue,
and I'll forget about whatever was undefined.

! Undefined control sequence.
l.3 ...underscore bourbon/bourbon.scss\dq{}}\hlstd
                                                  {}\hlopt{;}\\
The control sequence at the end of the top line
of your error message was never \def'ed. If you have
misspelled it (e.g., `\hobx'), type `I' and the correct
spelling (e.g., `I\hbox'). Otherwise just continue,
and I'll forget about whatever was undefined.

! Undefined control sequence.
l.3 ...re bourbon/bourbon.scss\dq{}}\hlstd{}\hlopt
                                                  {;}\\
The control sequence at the end of the top line
of your error message was never \def'ed. If you have
misspelled it (e.g., `\hobx'), type `I' and the correct
spelling (e.g., `I\hbox'). Otherwise just continue,
and I'll forget about whatever was undefined.

! Undefined control sequence.
<recently read> \hllin 
                       
l.4 \hllin
          {\ \ \ 2\ }\hlstd{}\hlkwc{@import\ }\hlstd{}\hlstr{\dq{}fonts.scss...
The control sequence at the end of the top line
of your error message was never \def'ed. If you have
misspelled it (e.g., `\hobx'), type `I' and the correct
spelling (e.g., `I\hbox'). Otherwise just continue,
and I'll forget about whatever was undefined.

! Undefined control sequence.
l.4 \hllin{\ \ \ 2\ }\hlstd
                           {}\hlkwc{@import\ }\hlstd{}\hlstr{\dq{}fonts.scss...
The control sequence at the end of the top line
of your error message was never \def'ed. If you have
misspelled it (e.g., `\hobx'), type `I' and the correct
spelling (e.g., `I\hbox'). Otherwise just continue,
and I'll forget about whatever was undefined.

! Undefined control sequence.
l.4 \hllin{\ \ \ 2\ }\hlstd{}\hlkwc
                                   {@import\ }\hlstd{}\hlstr{\dq{}fonts.scss...
The control sequence at the end of the top line
of your error message was never \def'ed. If you have
misspelled it (e.g., `\hobx'), type `I' and the correct
spelling (e.g., `I\hbox'). Otherwise just continue,
and I'll forget about whatever was undefined.

! Undefined control sequence.
l.4 ...n{\ \ \ 2\ }\hlstd{}\hlkwc{@import\ }\hlstd
                                                  {}\hlstr{\dq{}fonts.scss\d...
The control sequence at the end of the top line
of your error message was never \def'ed. If you have
misspelled it (e.g., `\hobx'), type `I' and the correct
spelling (e.g., `I\hbox'). Otherwise just continue,
and I'll forget about whatever was undefined.

! Undefined control sequence.
l.4 ...2\ }\hlstd{}\hlkwc{@import\ }\hlstd{}\hlstr
                                                  {\dq{}fonts.scss\dq{}}\hls...
The control sequence at the end of the top line
of your error message was never \def'ed. If you have
misspelled it (e.g., `\hobx'), type `I' and the correct
spelling (e.g., `I\hbox'). Otherwise just continue,
and I'll forget about whatever was undefined.

! Undefined control sequence.
l.4 ...\hlstd{}\hlkwc{@import\ }\hlstd{}\hlstr{\dq
                                                  {}fonts.scss\dq{}}\hlstd{}...
The control sequence at the end of the top line
of your error message was never \def'ed. If you have
misspelled it (e.g., `\hobx'), type `I' and the correct
spelling (e.g., `I\hbox'). Otherwise just continue,
and I'll forget about whatever was undefined.

! Undefined control sequence.
l.4 ...@import\ }\hlstd{}\hlstr{\dq{}fonts.scss\dq
                                                  {}}\hlstd{}\hlopt{;}\\
The control sequence at the end of the top line
of your error message was never \def'ed. If you have
misspelled it (e.g., `\hobx'), type `I' and the correct
spelling (e.g., `I\hbox'). Otherwise just continue,
and I'll forget about whatever was undefined.

! Undefined control sequence.
l.4 ...}\hlstd{}\hlstr{\dq{}fonts.scss\dq{}}\hlstd
                                                  {}\hlopt{;}\\
The control sequence at the end of the top line
of your error message was never \def'ed. If you have
misspelled it (e.g., `\hobx'), type `I' and the correct
spelling (e.g., `I\hbox'). Otherwise just continue,
and I'll forget about whatever was undefined.

! Undefined control sequence.
l.4 ...}\hlstr{\dq{}fonts.scss\dq{}}\hlstd{}\hlopt
                                                  {;}\\
The control sequence at the end of the top line
of your error message was never \def'ed. If you have
misspelled it (e.g., `\hobx'), type `I' and the correct
spelling (e.g., `I\hbox'). Otherwise just continue,
and I'll forget about whatever was undefined.

! Undefined control sequence.
<recently read> \hllin 
                       
l.5 \hllin
          {\ \ \ 3\ }\hlstd{}\\
The control sequence at the end of the top line
of your error message was never \def'ed. If you have
misspelled it (e.g., `\hobx'), type `I' and the correct
spelling (e.g., `I\hbox'). Otherwise just continue,
and I'll forget about whatever was undefined.

! Undefined control sequence.
l.5 \hllin{\ \ \ 3\ }\hlstd
                           {}\\
The control sequence at the end of the top line
of your error message was never \def'ed. If you have
misspelled it (e.g., `\hobx'), type `I' and the correct
spelling (e.g., `I\hbox'). Otherwise just continue,
and I'll forget about whatever was undefined.

! Undefined control sequence.
<recently read> \hllin 
                       
l.6 \hllin
          {\ \ \ 4\ }\hlkwb{\$main\textunderscore bg}\hlstd{}\hlopt{:\ }\hls...
The control sequence at the end of the top line
of your error message was never \def'ed. If you have
misspelled it (e.g., `\hobx'), type `I' and the correct
spelling (e.g., `I\hbox'). Otherwise just continue,
and I'll forget about whatever was undefined.

! Undefined control sequence.
l.6 \hllin{\ \ \ 4\ }\hlkwb
                           {\$main\textunderscore bg}\hlstd{}\hlopt{:\ }\hls...
The control sequence at the end of the top line
of your error message was never \def'ed. If you have
misspelled it (e.g., `\hobx'), type `I' and the correct
spelling (e.g., `I\hbox'). Otherwise just continue,
and I'll forget about whatever was undefined.

! Undefined control sequence.
l.6 ... 4\ }\hlkwb{\$main\textunderscore bg}\hlstd
                                                  {}\hlopt{:\ }\hlstd{}\hlnu...
The control sequence at the end of the top line
of your error message was never \def'ed. If you have
misspelled it (e.g., `\hobx'), type `I' and the correct
spelling (e.g., `I\hbox'). Otherwise just continue,
and I'll forget about whatever was undefined.

! Undefined control sequence.
l.6 ...kwb{\$main\textunderscore bg}\hlstd{}\hlopt
                                                  {:\ }\hlstd{}\hlnum{\#EEEE...
The control sequence at the end of the top line
of your error message was never \def'ed. If you have
misspelled it (e.g., `\hobx'), type `I' and the correct
spelling (e.g., `I\hbox'). Otherwise just continue,
and I'll forget about whatever was undefined.

! Undefined control sequence.
l.6 ...textunderscore bg}\hlstd{}\hlopt{:\ }\hlstd
                                                  {}\hlnum{\#EEEEEE}\hlstd{}...
The control sequence at the end of the top line
of your error message was never \def'ed. If you have
misspelled it (e.g., `\hobx'), type `I' and the correct
spelling (e.g., `I\hbox'). Otherwise just continue,
and I'll forget about whatever was undefined.

! Undefined control sequence.
l.6 ...rscore bg}\hlstd{}\hlopt{:\ }\hlstd{}\hlnum
                                                  {\#EEEEEE}\hlstd{}\hlopt{;}\\
The control sequence at the end of the top line
of your error message was never \def'ed. If you have
misspelled it (e.g., `\hobx'), type `I' and the correct
spelling (e.g., `I\hbox'). Otherwise just continue,
and I'll forget about whatever was undefined.

! Undefined control sequence.
l.6 ...{}\hlopt{:\ }\hlstd{}\hlnum{\#EEEEEE}\hlstd
                                                  {}\hlopt{;}\\
The control sequence at the end of the top line
of your error message was never \def'ed. If you have
misspelled it (e.g., `\hobx'), type `I' and the correct
spelling (e.g., `I\hbox'). Otherwise just continue,
and I'll forget about whatever was undefined.

! Undefined control sequence.
l.6 ...{:\ }\hlstd{}\hlnum{\#EEEEEE}\hlstd{}\hlopt
                                                  {;}\\
The control sequence at the end of the top line
of your error message was never \def'ed. If you have
misspelled it (e.g., `\hobx'), type `I' and the correct
spelling (e.g., `I\hbox'). Otherwise just continue,
and I'll forget about whatever was undefined.

! Undefined control sequence.
<recently read> \hllin 
                       
l.7 \hllin
          {\ \ \ 5\ }\hlstd{}\hlkwb{\$paper\textunderscore bg}\hlstd{}\hlopt...
The control sequence at the end of the top line
of your error message was never \def'ed. If you have
misspelled it (e.g., `\hobx'), type `I' and the correct
spelling (e.g., `I\hbox'). Otherwise just continue,
and I'll forget about whatever was undefined.

! Undefined control sequence.
l.7 \hllin{\ \ \ 5\ }\hlstd
                           {}\hlkwb{\$paper\textunderscore bg}\hlstd{}\hlopt...
The control sequence at the end of the top line
of your error message was never \def'ed. If you have
misspelled it (e.g., `\hobx'), type `I' and the correct
spelling (e.g., `I\hbox'). Otherwise just continue,
and I'll forget about whatever was undefined.

! Undefined control sequence.
l.7 \hllin{\ \ \ 5\ }\hlstd{}\hlkwb
                                   {\$paper\textunderscore bg}\hlstd{}\hlopt...
The control sequence at the end of the top line
of your error message was never \def'ed. If you have
misspelled it (e.g., `\hobx'), type `I' and the correct
spelling (e.g., `I\hbox'). Otherwise just continue,
and I'll forget about whatever was undefined.

! Undefined control sequence.
l.7 ...td{}\hlkwb{\$paper\textunderscore bg}\hlstd
                                                  {}\hlopt{:\ }\hlstd{}\hlnu...
The control sequence at the end of the top line
of your error message was never \def'ed. If you have
misspelled it (e.g., `\hobx'), type `I' and the correct
spelling (e.g., `I\hbox'). Otherwise just continue,
and I'll forget about whatever was undefined.

! Undefined control sequence.
l.7 ...wb{\$paper\textunderscore bg}\hlstd{}\hlopt
                                                  {:\ }\hlstd{}\hlnum{\#FAFA...
The control sequence at the end of the top line
of your error message was never \def'ed. If you have
misspelled it (e.g., `\hobx'), type `I' and the correct
spelling (e.g., `I\hbox'). Otherwise just continue,
and I'll forget about whatever was undefined.

! Undefined control sequence.
l.7 ...textunderscore bg}\hlstd{}\hlopt{:\ }\hlstd
                                                  {}\hlnum{\#FAFAFA}\hlstd{}...
The control sequence at the end of the top line
of your error message was never \def'ed. If you have
misspelled it (e.g., `\hobx'), type `I' and the correct
spelling (e.g., `I\hbox'). Otherwise just continue,
and I'll forget about whatever was undefined.

! Undefined control sequence.
l.7 ...rscore bg}\hlstd{}\hlopt{:\ }\hlstd{}\hlnum
                                                  {\#FAFAFA}\hlstd{}\hlopt{;}\\
The control sequence at the end of the top line
of your error message was never \def'ed. If you have
misspelled it (e.g., `\hobx'), type `I' and the correct
spelling (e.g., `I\hbox'). Otherwise just continue,
and I'll forget about whatever was undefined.

! Undefined control sequence.
l.7 ...{}\hlopt{:\ }\hlstd{}\hlnum{\#FAFAFA}\hlstd
                                                  {}\hlopt{;}\\
The control sequence at the end of the top line
of your error message was never \def'ed. If you have
misspelled it (e.g., `\hobx'), type `I' and the correct
spelling (e.g., `I\hbox'). Otherwise just continue,
and I'll forget about whatever was undefined.

! Undefined control sequence.
l.7 ...{:\ }\hlstd{}\hlnum{\#FAFAFA}\hlstd{}\hlopt
                                                  {;}\\
The control sequence at the end of the top line
of your error message was never \def'ed. If you have
misspelled it (e.g., `\hobx'), type `I' and the correct
spelling (e.g., `I\hbox'). Otherwise just continue,
and I'll forget about whatever was undefined.

! Undefined control sequence.
<recently read> \hllin 
                       
l.8 \hllin
          {\ \ \ 6\ }\hlstd{}\\
The control sequence at the end of the top line
of your error message was never \def'ed. If you have
misspelled it (e.g., `\hobx'), type `I' and the correct
spelling (e.g., `I\hbox'). Otherwise just continue,
and I'll forget about whatever was undefined.

! Undefined control sequence.
l.8 \hllin{\ \ \ 6\ }\hlstd
                           {}\\
The control sequence at the end of the top line
of your error message was never \def'ed. If you have
misspelled it (e.g., `\hobx'), type `I' and the correct
spelling (e.g., `I\hbox'). Otherwise just continue,
and I'll forget about whatever was undefined.

! Undefined control sequence.
<recently read> \hllin 
                       
l.9 \hllin
          {\ \ \ 7\ }\hlkwb{\$face\textunderscore icons}\hlstd{}\hlopt{:\ }\...
The control sequence at the end of the top line
of your error message was never \def'ed. If you have
misspelled it (e.g., `\hobx'), type `I' and the correct
spelling (e.g., `I\hbox'). Otherwise just continue,
and I'll forget about whatever was undefined.

! Undefined control sequence.
l.9 \hllin{\ \ \ 7\ }\hlkwb
                           {\$face\textunderscore icons}\hlstd{}\hlopt{:\ }\...
The control sequence at the end of the top line
of your error message was never \def'ed. If you have
misspelled it (e.g., `\hobx'), type `I' and the correct
spelling (e.g., `I\hbox'). Otherwise just continue,
and I'll forget about whatever was undefined.

! Undefined control sequence.
l.9 ... }\hlkwb{\$face\textunderscore icons}\hlstd
                                                  {}\hlopt{:\ }\hlstd{}\hlnu...
The control sequence at the end of the top line
of your error message was never \def'ed. If you have
misspelled it (e.g., `\hobx'), type `I' and the correct
spelling (e.g., `I\hbox'). Otherwise just continue,
and I'll forget about whatever was undefined.

! Undefined control sequence.
l.9 ...{\$face\textunderscore icons}\hlstd{}\hlopt
                                                  {:\ }\hlstd{}\hlnum{\#6363...
The control sequence at the end of the top line
of your error message was never \def'ed. If you have
misspelled it (e.g., `\hobx'), type `I' and the correct
spelling (e.g., `I\hbox'). Otherwise just continue,
and I'll forget about whatever was undefined.

! Undefined control sequence.
l.9 ...tunderscore icons}\hlstd{}\hlopt{:\ }\hlstd
                                                  {}\hlnum{\#636363}\hlstd{}...
The control sequence at the end of the top line
of your error message was never \def'ed. If you have
misspelled it (e.g., `\hobx'), type `I' and the correct
spelling (e.g., `I\hbox'). Otherwise just continue,
and I'll forget about whatever was undefined.

! Undefined control sequence.
l.9 ...ore icons}\hlstd{}\hlopt{:\ }\hlstd{}\hlnum
                                                  {\#636363}\hlstd{}\hlopt{;}\\
The control sequence at the end of the top line
of your error message was never \def'ed. If you have
misspelled it (e.g., `\hobx'), type `I' and the correct
spelling (e.g., `I\hbox'). Otherwise just continue,
and I'll forget about whatever was undefined.

! Undefined control sequence.
l.9 ...{}\hlopt{:\ }\hlstd{}\hlnum{\#636363}\hlstd
                                                  {}\hlopt{;}\\
The control sequence at the end of the top line
of your error message was never \def'ed. If you have
misspelled it (e.g., `\hobx'), type `I' and the correct
spelling (e.g., `I\hbox'). Otherwise just continue,
and I'll forget about whatever was undefined.

! Undefined control sequence.
l.9 ...{:\ }\hlstd{}\hlnum{\#636363}\hlstd{}\hlopt
                                                  {;}\\
The control sequence at the end of the top line
of your error message was never \def'ed. If you have
misspelled it (e.g., `\hobx'), type `I' and the correct
spelling (e.g., `I\hbox'). Otherwise just continue,
and I'll forget about whatever was undefined.

! Undefined control sequence.
<recently read> \hllin 
                       
l.10 \hllin
           {\ \ \ 8\ }\hlstd{}\hlkwb{\$face\textunderscore text}\hlstd{}\hlo...
The control sequence at the end of the top line
of your error message was never \def'ed. If you have
misspelled it (e.g., `\hobx'), type `I' and the correct
spelling (e.g., `I\hbox'). Otherwise just continue,
and I'll forget about whatever was undefined.

! Undefined control sequence.
l.10 \hllin{\ \ \ 8\ }\hlstd
                            {}\hlkwb{\$face\textunderscore text}\hlstd{}\hlo...
The control sequence at the end of the top line
of your error message was never \def'ed. If you have
misspelled it (e.g., `\hobx'), type `I' and the correct
spelling (e.g., `I\hbox'). Otherwise just continue,
and I'll forget about whatever was undefined.

! Undefined control sequence.
l.10 \hllin{\ \ \ 8\ }\hlstd{}\hlkwb
                                    {\$face\textunderscore text}\hlstd{}\hlo...
The control sequence at the end of the top line
of your error message was never \def'ed. If you have
misspelled it (e.g., `\hobx'), type `I' and the correct
spelling (e.g., `I\hbox'). Otherwise just continue,
and I'll forget about whatever was undefined.

! Undefined control sequence.
l.10 ...{}\hlkwb{\$face\textunderscore text}\hlstd
                                                  {}\hlopt{:\ }\hlstd{}\hlnu...
The control sequence at the end of the top line
of your error message was never \def'ed. If you have
misspelled it (e.g., `\hobx'), type `I' and the correct
spelling (e.g., `I\hbox'). Otherwise just continue,
and I'll forget about whatever was undefined.

! Undefined control sequence.
l.10 ...{\$face\textunderscore text}\hlstd{}\hlopt
                                                  {:\ }\hlstd{}\hlnum{\#0000...
The control sequence at the end of the top line
of your error message was never \def'ed. If you have
misspelled it (e.g., `\hobx'), type `I' and the correct
spelling (e.g., `I\hbox'). Otherwise just continue,
and I'll forget about whatever was undefined.

! Undefined control sequence.
l.10 ...tunderscore text}\hlstd{}\hlopt{:\ }\hlstd
                                                  {}\hlnum{\#000000}\hlstd{}...
The control sequence at the end of the top line
of your error message was never \def'ed. If you have
misspelled it (e.g., `\hobx'), type `I' and the correct
spelling (e.g., `I\hbox'). Otherwise just continue,
and I'll forget about whatever was undefined.

! Undefined control sequence.
l.10 ...ore text}\hlstd{}\hlopt{:\ }\hlstd{}\hlnum
                                                  {\#000000}\hlstd{}\hlopt{;}\\
The control sequence at the end of the top line
of your error message was never \def'ed. If you have
misspelled it (e.g., `\hobx'), type `I' and the correct
spelling (e.g., `I\hbox'). Otherwise just continue,
and I'll forget about whatever was undefined.

! Undefined control sequence.
l.10 ...}\hlopt{:\ }\hlstd{}\hlnum{\#000000}\hlstd
                                                  {}\hlopt{;}\\
The control sequence at the end of the top line
of your error message was never \def'ed. If you have
misspelled it (e.g., `\hobx'), type `I' and the correct
spelling (e.g., `I\hbox'). Otherwise just continue,
and I'll forget about whatever was undefined.

! Undefined control sequence.
l.10 ...:\ }\hlstd{}\hlnum{\#000000}\hlstd{}\hlopt
                                                  {;}\\
The control sequence at the end of the top line
of your error message was never \def'ed. If you have
misspelled it (e.g., `\hobx'), type `I' and the correct
spelling (e.g., `I\hbox'). Otherwise just continue,
and I'll forget about whatever was undefined.

! Undefined control sequence.
<recently read> \hllin 
                       
l.11 \hllin
           {\ \ \ 9\ }\hlstd{}\hlkwb{\$face\textunderscore borders}\hlstd{}\...
The control sequence at the end of the top line
of your error message was never \def'ed. If you have
misspelled it (e.g., `\hobx'), type `I' and the correct
spelling (e.g., `I\hbox'). Otherwise just continue,
and I'll forget about whatever was undefined.

! Undefined control sequence.
l.11 \hllin{\ \ \ 9\ }\hlstd
                            {}\hlkwb{\$face\textunderscore borders}\hlstd{}\...
The control sequence at the end of the top line
of your error message was never \def'ed. If you have
misspelled it (e.g., `\hobx'), type `I' and the correct
spelling (e.g., `I\hbox'). Otherwise just continue,
and I'll forget about whatever was undefined.

! Undefined control sequence.
l.11 \hllin{\ \ \ 9\ }\hlstd{}\hlkwb
                                    {\$face\textunderscore borders}\hlstd{}\...
The control sequence at the end of the top line
of your error message was never \def'ed. If you have
misspelled it (e.g., `\hobx'), type `I' and the correct
spelling (e.g., `I\hbox'). Otherwise just continue,
and I'll forget about whatever was undefined.

! Undefined control sequence.
l.11 ...hlkwb{\$face\textunderscore borders}\hlstd
                                                  {}\hlopt{:\ }\hlstd{}\hlnu...
The control sequence at the end of the top line
of your error message was never \def'ed. If you have
misspelled it (e.g., `\hobx'), type `I' and the correct
spelling (e.g., `I\hbox'). Otherwise just continue,
and I'll forget about whatever was undefined.

! Undefined control sequence.
l.11 ...face\textunderscore borders}\hlstd{}\hlopt
                                                  {:\ }\hlstd{}\hlnum{\#9797...
The control sequence at the end of the top line
of your error message was never \def'ed. If you have
misspelled it (e.g., `\hobx'), type `I' and the correct
spelling (e.g., `I\hbox'). Otherwise just continue,
and I'll forget about whatever was undefined.

! Undefined control sequence.
l.11 ...derscore borders}\hlstd{}\hlopt{:\ }\hlstd
                                                  {}\hlnum{\#979797}\hlstd{}...
The control sequence at the end of the top line
of your error message was never \def'ed. If you have
misspelled it (e.g., `\hobx'), type `I' and the correct
spelling (e.g., `I\hbox'). Otherwise just continue,
and I'll forget about whatever was undefined.

! Undefined control sequence.
l.11 ... borders}\hlstd{}\hlopt{:\ }\hlstd{}\hlnum
                                                  {\#979797}\hlstd{}\hlopt{;}\\
The control sequence at the end of the top line
of your error message was never \def'ed. If you have
misspelled it (e.g., `\hobx'), type `I' and the correct
spelling (e.g., `I\hbox'). Otherwise just continue,
and I'll forget about whatever was undefined.

! Undefined control sequence.
l.11 ...}\hlopt{:\ }\hlstd{}\hlnum{\#979797}\hlstd
                                                  {}\hlopt{;}\\
The control sequence at the end of the top line
of your error message was never \def'ed. If you have
misspelled it (e.g., `\hobx'), type `I' and the correct
spelling (e.g., `I\hbox'). Otherwise just continue,
and I'll forget about whatever was undefined.

! Undefined control sequence.
l.11 ...:\ }\hlstd{}\hlnum{\#979797}\hlstd{}\hlopt
                                                  {;}\\
The control sequence at the end of the top line
of your error message was never \def'ed. If you have
misspelled it (e.g., `\hobx'), type `I' and the correct
spelling (e.g., `I\hbox'). Otherwise just continue,
and I'll forget about whatever was undefined.

! Undefined control sequence.
<recently read> \hllin 
                       
l.12 \hllin
           {\ \ 10\ }\hlstd{}\\
The control sequence at the end of the top line
of your error message was never \def'ed. If you have
misspelled it (e.g., `\hobx'), type `I' and the correct
spelling (e.g., `I\hbox'). Otherwise just continue,
and I'll forget about whatever was undefined.

! Undefined control sequence.
l.12 \hllin{\ \ 10\ }\hlstd
                           {}\\
The control sequence at the end of the top line
of your error message was never \def'ed. If you have
misspelled it (e.g., `\hobx'), type `I' and the correct
spelling (e.g., `I\hbox'). Otherwise just continue,
and I'll forget about whatever was undefined.

! Undefined control sequence.
<recently read> \hllin 
                       
l.13 \hllin
           {\ \ 11\ }\hlkwb{\$app\textunderscore bar\textunderscore line\tex...
The control sequence at the end of the top line
of your error message was never \def'ed. If you have
misspelled it (e.g., `\hobx'), type `I' and the correct
spelling (e.g., `I\hbox'). Otherwise just continue,
and I'll forget about whatever was undefined.

! Undefined control sequence.
l.13 \hllin{\ \ 11\ }\hlkwb
                           {\$app\textunderscore bar\textunderscore line\tex...
The control sequence at the end of the top line
of your error message was never \def'ed. If you have
misspelled it (e.g., `\hobx'), type `I' and the correct
spelling (e.g., `I\hbox'). Otherwise just continue,
and I'll forget about whatever was undefined.

! Undefined control sequence.
l.13 ...derscore line\textunderscore height}\hlstd
                                                  {}\hlopt{:\ }\hlstd{}\hlnu...
The control sequence at the end of the top line
of your error message was never \def'ed. If you have
misspelled it (e.g., `\hobx'), type `I' and the correct
spelling (e.g., `I\hbox'). Otherwise just continue,
and I'll forget about whatever was undefined.

! Undefined control sequence.
l.13 ... line\textunderscore height}\hlstd{}\hlopt
                                                  {:\ }\hlstd{}\hlnum{40px}\...
The control sequence at the end of the top line
of your error message was never \def'ed. If you have
misspelled it (e.g., `\hobx'), type `I' and the correct
spelling (e.g., `I\hbox'). Otherwise just continue,
and I'll forget about whatever was undefined.

! Undefined control sequence.
l.13 ...nderscore height}\hlstd{}\hlopt{:\ }\hlstd
                                                  {}\hlnum{40px}\hlstd{}\hlo...
The control sequence at the end of the top line
of your error message was never \def'ed. If you have
misspelled it (e.g., `\hobx'), type `I' and the correct
spelling (e.g., `I\hbox'). Otherwise just continue,
and I'll forget about whatever was undefined.

! Undefined control sequence.
l.13 ...e height}\hlstd{}\hlopt{:\ }\hlstd{}\hlnum
                                                  {40px}\hlstd{}\hlopt{;}\\
The control sequence at the end of the top line
of your error message was never \def'ed. If you have
misspelled it (e.g., `\hobx'), type `I' and the correct
spelling (e.g., `I\hbox'). Otherwise just continue,
and I'll forget about whatever was undefined.

! Undefined control sequence.
l.13 ...std{}\hlopt{:\ }\hlstd{}\hlnum{40px}\hlstd
                                                  {}\hlopt{;}\\
The control sequence at the end of the top line
of your error message was never \def'ed. If you have
misspelled it (e.g., `\hobx'), type `I' and the correct
spelling (e.g., `I\hbox'). Otherwise just continue,
and I'll forget about whatever was undefined.

! Undefined control sequence.
l.13 ...opt{:\ }\hlstd{}\hlnum{40px}\hlstd{}\hlopt
                                                  {;}\\
The control sequence at the end of the top line
of your error message was never \def'ed. If you have
misspelled it (e.g., `\hobx'), type `I' and the correct
spelling (e.g., `I\hbox'). Otherwise just continue,
and I'll forget about whatever was undefined.

! Undefined control sequence.
<recently read> \hllin 
                       
l.14 \hllin
           {\ \ 12\ }\hlstd{}\hlkwb{\$app\textunderscore bar\textunderscore ...
The control sequence at the end of the top line
of your error message was never \def'ed. If you have
misspelled it (e.g., `\hobx'), type `I' and the correct
spelling (e.g., `I\hbox'). Otherwise just continue,
and I'll forget about whatever was undefined.

! Undefined control sequence.
l.14 \hllin{\ \ 12\ }\hlstd
                           {}\hlkwb{\$app\textunderscore bar\textunderscore ...
The control sequence at the end of the top line
of your error message was never \def'ed. If you have
misspelled it (e.g., `\hobx'), type `I' and the correct
spelling (e.g., `I\hbox'). Otherwise just continue,
and I'll forget about whatever was undefined.

! Undefined control sequence.
l.14 \hllin{\ \ 12\ }\hlstd{}\hlkwb
                                   {\$app\textunderscore bar\textunderscore ...
The control sequence at the end of the top line
of your error message was never \def'ed. If you have
misspelled it (e.g., `\hobx'), type `I' and the correct
spelling (e.g., `I\hbox'). Otherwise just continue,
and I'll forget about whatever was undefined.

! Undefined control sequence.
l.14 ...rscore height\textunderscore mobile}\hlstd
                                                  {}\hlopt{:\ }\hlstd{}\hlnu...
The control sequence at the end of the top line
of your error message was never \def'ed. If you have
misspelled it (e.g., `\hobx'), type `I' and the correct
spelling (e.g., `I\hbox'). Otherwise just continue,
and I'll forget about whatever was undefined.

! Undefined control sequence.
l.14 ...eight\textunderscore mobile}\hlstd{}\hlopt
                                                  {:\ }\hlstd{}\hlnum{60px}\...
The control sequence at the end of the top line
of your error message was never \def'ed. If you have
misspelled it (e.g., `\hobx'), type `I' and the correct
spelling (e.g., `I\hbox'). Otherwise just continue,
and I'll forget about whatever was undefined.

! Undefined control sequence.
l.14 ...nderscore mobile}\hlstd{}\hlopt{:\ }\hlstd
                                                  {}\hlnum{60px}\hlstd{}\hlo...
The control sequence at the end of the top line
of your error message was never \def'ed. If you have
misspelled it (e.g., `\hobx'), type `I' and the correct
spelling (e.g., `I\hbox'). Otherwise just continue,
and I'll forget about whatever was undefined.

! Undefined control sequence.
l.14 ...e mobile}\hlstd{}\hlopt{:\ }\hlstd{}\hlnum
                                                  {60px}\hlstd{}\hlopt{;}\\
The control sequence at the end of the top line
of your error message was never \def'ed. If you have
misspelled it (e.g., `\hobx'), type `I' and the correct
spelling (e.g., `I\hbox'). Otherwise just continue,
and I'll forget about whatever was undefined.

! Undefined control sequence.
l.14 ...std{}\hlopt{:\ }\hlstd{}\hlnum{60px}\hlstd
                                                  {}\hlopt{;}\\
The control sequence at the end of the top line
of your error message was never \def'ed. If you have
misspelled it (e.g., `\hobx'), type `I' and the correct
spelling (e.g., `I\hbox'). Otherwise just continue,
and I'll forget about whatever was undefined.

! Undefined control sequence.
l.14 ...opt{:\ }\hlstd{}\hlnum{60px}\hlstd{}\hlopt
                                                  {;}\\
The control sequence at the end of the top line
of your error message was never \def'ed. If you have
misspelled it (e.g., `\hobx'), type `I' and the correct
spelling (e.g., `I\hbox'). Otherwise just continue,
and I'll forget about whatever was undefined.

! Undefined control sequence.
<recently read> \hllin 
                       
l.15 \hllin
           {\ \ 13\ }\hlstd{}\hlkwb{\$preview\textunderscore color}\hlstd{}\...
The control sequence at the end of the top line
of your error message was never \def'ed. If you have
misspelled it (e.g., `\hobx'), type `I' and the correct
spelling (e.g., `I\hbox'). Otherwise just continue,
and I'll forget about whatever was undefined.

! Undefined control sequence.
l.15 \hllin{\ \ 13\ }\hlstd
                           {}\hlkwb{\$preview\textunderscore color}\hlstd{}\...
The control sequence at the end of the top line
of your error message was never \def'ed. If you have
misspelled it (e.g., `\hobx'), type `I' and the correct
spelling (e.g., `I\hbox'). Otherwise just continue,
and I'll forget about whatever was undefined.

! Undefined control sequence.
l.15 \hllin{\ \ 13\ }\hlstd{}\hlkwb
                                   {\$preview\textunderscore color}\hlstd{}\...
The control sequence at the end of the top line
of your error message was never \def'ed. If you have
misspelled it (e.g., `\hobx'), type `I' and the correct
spelling (e.g., `I\hbox'). Otherwise just continue,
and I'll forget about whatever was undefined.

! Undefined control sequence.
l.15 ...lkwb{\$preview\textunderscore color}\hlstd
                                                  {}\hlopt{:\ }\hlstd{}\hlnu...
The control sequence at the end of the top line
of your error message was never \def'ed. If you have
misspelled it (e.g., `\hobx'), type `I' and the correct
spelling (e.g., `I\hbox'). Otherwise just continue,
and I'll forget about whatever was undefined.

! Undefined control sequence.
l.15 ...review\textunderscore color}\hlstd{}\hlopt
                                                  {:\ }\hlstd{}\hlnum{\#3F51...
The control sequence at the end of the top line
of your error message was never \def'ed. If you have
misspelled it (e.g., `\hobx'), type `I' and the correct
spelling (e.g., `I\hbox'). Otherwise just continue,
and I'll forget about whatever was undefined.

! Undefined control sequence.
l.15 ...underscore color}\hlstd{}\hlopt{:\ }\hlstd
                                                  {}\hlnum{\#3F51B5}\hlstd{}...
The control sequence at the end of the top line
of your error message was never \def'ed. If you have
misspelled it (e.g., `\hobx'), type `I' and the correct
spelling (e.g., `I\hbox'). Otherwise just continue,
and I'll forget about whatever was undefined.

! Undefined control sequence.
l.15 ...re color}\hlstd{}\hlopt{:\ }\hlstd{}\hlnum
                                                  {\#3F51B5}\hlstd{}\hlopt{;}\\
The control sequence at the end of the top line
of your error message was never \def'ed. If you have
misspelled it (e.g., `\hobx'), type `I' and the correct
spelling (e.g., `I\hbox'). Otherwise just continue,
and I'll forget about whatever was undefined.

! Undefined control sequence.
l.15 ...}\hlopt{:\ }\hlstd{}\hlnum{\#3F51B5}\hlstd
                                                  {}\hlopt{;}\\
The control sequence at the end of the top line
of your error message was never \def'ed. If you have
misspelled it (e.g., `\hobx'), type `I' and the correct
spelling (e.g., `I\hbox'). Otherwise just continue,
and I'll forget about whatever was undefined.

! Undefined control sequence.
l.15 ...:\ }\hlstd{}\hlnum{\#3F51B5}\hlstd{}\hlopt
                                                  {;}\\
The control sequence at the end of the top line
of your error message was never \def'ed. If you have
misspelled it (e.g., `\hobx'), type `I' and the correct
spelling (e.g., `I\hbox'). Otherwise just continue,
and I'll forget about whatever was undefined.

! Undefined control sequence.
<recently read> \hllin 
                       
l.16 \hllin
           {\ \ 14\ }\hlstd{}\\
The control sequence at the end of the top line
of your error message was never \def'ed. If you have
misspelled it (e.g., `\hobx'), type `I' and the correct
spelling (e.g., `I\hbox'). Otherwise just continue,
and I'll forget about whatever was undefined.

! Undefined control sequence.
l.16 \hllin{\ \ 14\ }\hlstd
                           {}\\
The control sequence at the end of the top line
of your error message was never \def'ed. If you have
misspelled it (e.g., `\hobx'), type `I' and the correct
spelling (e.g., `I\hbox'). Otherwise just continue,
and I'll forget about whatever was undefined.

! Undefined control sequence.
<recently read> \hllin 
                       
l.17 \hllin
           {\ \ 15\ }\hlkwb{\$menu\textunderscore anim\textunderscore durati...
The control sequence at the end of the top line
of your error message was never \def'ed. If you have
misspelled it (e.g., `\hobx'), type `I' and the correct
spelling (e.g., `I\hbox'). Otherwise just continue,
and I'll forget about whatever was undefined.

! Undefined control sequence.
l.17 \hllin{\ \ 15\ }\hlkwb
                           {\$menu\textunderscore anim\textunderscore durati...
The control sequence at the end of the top line
of your error message was never \def'ed. If you have
misspelled it (e.g., `\hobx'), type `I' and the correct
spelling (e.g., `I\hbox'). Otherwise just continue,
and I'll forget about whatever was undefined.

! Undefined control sequence.
l.17 ...rscore anim\textunderscore duration}\hlstd
                                                  {}\hlopt{:\ }\hlstd{}\hlnu...
The control sequence at the end of the top line
of your error message was never \def'ed. If you have
misspelled it (e.g., `\hobx'), type `I' and the correct
spelling (e.g., `I\hbox'). Otherwise just continue,
and I'll forget about whatever was undefined.

! Undefined control sequence.
l.17 ...nim\textunderscore duration}\hlstd{}\hlopt
                                                  {:\ }\hlstd{}\hlnum{0.3s}\...
(That makes 100 errors; please try again.) 
Here is how much of TeX's memory you used:
 10 strings out of 493117
 183 string characters out of 6135433
 52909 words of memory out of 5000000
 3572 multiletter control sequences out of 15000+600000
 3808 words of font info for 15 fonts, out of 8000000 for 9000
 1141 hyphenation exceptions out of 8191
 12i,1n,9p,213b,38s stack positions out of 5000i,500n,10000p,200000b,80000s

!  ==> Fatal error occurred, no output PDF file produced!
